<?xml version="1.0" encoding="UTF-8"?>
<!-- Generated by org.testng.reporters.JUnitReportReporter -->
<testsuite hostname="Bharani" failures="0" tests="2" name="seleniumgrid.Test1" time="14.569" errors="0" timestamp="2022-08-30T08:28:23 IST" skipped="0">
  <testcase classname="seleniumgrid.Test1" name="demo" time="9.762"/>
  <system-out/>
  <testcase classname="seleniumgrid.Test1" name="demo" time="4.807"/>
  <system-out/>
</testsuite> <!-- seleniumgrid.Test1 -->
